[15:47:12] [ServerMain/INFO]: Building unoptimized datafixer
[15:47:13] [ServerMain/ERROR]: Failed to load properties from file: server.properties
[15:47:14] [ServerMain/INFO]: Environment: authHost='https://authserver.mojang.com', accountsHost='https://api.mojang.com', sessionHost='https://sessionserver.mojang.com', servicesHost='https://api.minecraftservices.com', name='PROD'
[15:47:14] [ServerMain/INFO]: Found new data pack file/bukkit, loading it automatically
[15:47:16] [ServerMain/INFO]: Loaded 7 recipes
[15:47:18] [Server thread/INFO]: Starting minecraft server version 1.19
[15:47:18] [Server thread/INFO]: Loading properties
[15:47:18] [Server thread/INFO]: This server is running Paper version git-Paper-81 (MC: 1.19) (Implementing API version 1.19-R0.1-SNAPSHOT) (Git: 86f87ba)
[15:47:18] [Server thread/INFO]: Server Ping Player Sample Count: 12
[15:47:18] [Server thread/INFO]: Using 4 threads for Netty based IO
[15:47:19] [Server thread/INFO]: Default game type: SURVIVAL
[15:47:19] [Server thread/INFO]: Generating keypair
[15:47:20] [Server thread/INFO]: Starting Minecraft server on *:25565
[15:47:20] [Server thread/INFO]: Using epoll channel type
[15:47:20] [Server thread/INFO]: Paper: Using libdeflate (Linux x86_64) compression from Velocity.
[15:47:20] [Server thread/INFO]: Paper: Using OpenSSL 1.1.x (Linux x86_64) cipher from Velocity.
[15:47:21] [Server thread/INFO]: [ViaVersion] Loading ViaVersion v4.9.3
[15:47:21] [Server thread/INFO]: [ViaVersion] ViaVersion 4.9.3 is now loaded. Registering protocol transformers and injecting...
[15:47:22] [Via-Mappingloader-0/INFO]: [ViaVersion] Loading block connection mappings ...
[15:47:23] [Server thread/INFO]: [ViaBackwards] Loading translations...
[15:47:23] [Via-Mappingloader-0/INFO]: [ViaVersion] Using FastUtil Long2ObjectOpenHashMap for block connections
[15:47:23] [Server thread/INFO]: [ViaBackwards] Registering protocols...
[15:47:23] [Server thread/INFO]: [ViaBackwards] Loading ViaBackwards v4.9.2
[15:47:23] [Server thread/INFO]: [ProtocolLib] Loading ProtocolLib v5.1.0
[15:47:25] [Server thread/INFO]: [ViaRewind] Loading ViaRewind v3.0.6
[15:47:25] [Server thread/INFO]: Server permissions file permissions.yml is empty, ignoring it
[15:47:25] [Server thread/INFO]: [ProtocolLib] Enabling ProtocolLib v5.1.0
[15:47:25] [Server thread/INFO]: [ViaRewind] Enabling ViaRewind v3.0.6
[15:47:25] [Server thread/INFO]: Preparing level "world"
[15:47:25] [Server thread/INFO]: -------- World Settings For [world] --------
[15:47:25] [Server thread/INFO]: Item Despawn Rate: 6000
[15:47:25] [Server thread/INFO]: View Distance: 10
[15:47:25] [Server thread/INFO]: Simulation Distance: 10
[15:47:25] [Server thread/INFO]: Item Merge Radius: 2.5
[15:47:25] [Server thread/INFO]: Allow Zombie Pigmen to spawn from portal blocks: true
[15:47:25] [Server thread/INFO]: Mob Spawn Range: 4
[15:47:25] [Server thread/INFO]: Nerfing mobs spawned from spawners: false
[15:47:25] [Server thread/INFO]: Zombie Aggressive Towards Villager: true
[15:47:25] [Server thread/INFO]: Arrow Despawn Rate: 1200 Trident Respawn Rate:1200
[15:47:25] [Server thread/INFO]: Experience Merge Radius: 3.0
[15:47:25] [Server thread/INFO]: Cactus Growth Modifier: 100%
[15:47:25] [Server thread/INFO]: Cane Growth Modifier: 100%
[15:47:25] [Server thread/INFO]: Melon Growth Modifier: 100%
[15:47:25] [Server thread/INFO]: Mushroom Growth Modifier: 100%
[15:47:25] [Server thread/INFO]: Pumpkin Growth Modifier: 100%
[15:47:25] [Server thread/INFO]: Sapling Growth Modifier: 100%
[15:47:25] [Server thread/INFO]: Beetroot Growth Modifier: 100%
[15:47:25] [Server thread/INFO]: Carrot Growth Modifier: 100%
[15:47:25] [Server thread/INFO]: Potato Growth Modifier: 100%
[15:47:25] [Server thread/INFO]: Wheat Growth Modifier: 100%
[15:47:25] [Server thread/INFO]: NetherWart Growth Modifier: 100%
[15:47:25] [Server thread/INFO]: Vine Growth Modifier: 100%
[15:47:25] [Server thread/INFO]: Cocoa Growth Modifier: 100%
[15:47:25] [Server thread/INFO]: Bamboo Growth Modifier: 100%
[15:47:25] [Server thread/INFO]: SweetBerry Growth Modifier: 100%
[15:47:25] [Server thread/INFO]: Kelp Growth Modifier: 100%
[15:47:25] [Server thread/INFO]: TwistingVines Growth Modifier: 100%
[15:47:25] [Server thread/INFO]: WeepingVines Growth Modifier: 100%
[15:47:25] [Server thread/INFO]: CaveVines Growth Modifier: 100%
[15:47:25] [Server thread/INFO]: GlowBerry Growth Modifier: 100%
[15:47:25] [Server thread/INFO]: Hopper Transfer: 8 Hopper Check: 1 Hopper Amount: 1 Hopper Can Load Chunks: false
[15:47:25] [Server thread/INFO]: Entity Activation Range: An 32 / Mo 32 / Ra 48 / Mi 16 / Tiv true / Isa false
[15:47:25] [Server thread/INFO]: Entity Tracking Range: Pl 48 / An 48 / Mo 48 / Mi 32 / Other 64
[15:47:25] [Server thread/INFO]: Custom Map Seeds:  Village: 10387312 Desert: 14357617 Igloo: 14357618 Jungle: 14357619 Swamp: 14357620 Monument: 10387313 Ocean: 14357621 Shipwreck: 165745295 End City: 10387313 Slime: 987234911 Nether: 30084232 Mansion: 10387319 Fossil: 14357921 Portal: 34222645
[15:47:25] [Server thread/INFO]: Max TNT Explosions: 100
[15:47:25] [Server thread/INFO]: Tile Max Tick Time: 50ms Entity max Tick Time: 50ms
[15:47:47] [Server thread/INFO]: -------- World Settings For [world_nether] --------
[15:47:47] [Server thread/INFO]: Item Despawn Rate: 6000
[15:47:47] [Server thread/INFO]: View Distance: 10
[15:47:47] [Server thread/INFO]: Simulation Distance: 10
[15:47:47] [Server thread/INFO]: Item Merge Radius: 2.5
[15:47:47] [Server thread/INFO]: Allow Zombie Pigmen to spawn from portal blocks: true
[15:47:47] [Server thread/INFO]: Mob Spawn Range: 4
[15:47:47] [Server thread/INFO]: Nerfing mobs spawned from spawners: false
[15:47:47] [Server thread/INFO]: Zombie Aggressive Towards Villager: true
[15:47:47] [Server thread/INFO]: Arrow Despawn Rate: 1200 Trident Respawn Rate:1200
[15:47:47] [Server thread/INFO]: Experience Merge Radius: 3.0
[15:47:47] [Server thread/INFO]: Cactus Growth Modifier: 100%
[15:47:47] [Server thread/INFO]: Cane Growth Modifier: 100%
[15:47:47] [Server thread/INFO]: Melon Growth Modifier: 100%
[15:47:47] [Server thread/INFO]: Mushroom Growth Modifier: 100%
[15:47:47] [Server thread/INFO]: Pumpkin Growth Modifier: 100%
[15:47:47] [Server thread/INFO]: Sapling Growth Modifier: 100%
[15:47:47] [Server thread/INFO]: Beetroot Growth Modifier: 100%
[15:47:47] [Server thread/INFO]: Carrot Growth Modifier: 100%
[15:47:47] [Server thread/INFO]: Potato Growth Modifier: 100%
[15:47:47] [Server thread/INFO]: Wheat Growth Modifier: 100%
[15:47:47] [Server thread/INFO]: NetherWart Growth Modifier: 100%
[15:47:47] [Server thread/INFO]: Vine Growth Modifier: 100%
[15:47:47] [Server thread/INFO]: Cocoa Growth Modifier: 100%
[15:47:47] [Server thread/INFO]: Bamboo Growth Modifier: 100%
[15:47:47] [Server thread/INFO]: SweetBerry Growth Modifier: 100%
[15:47:47] [Server thread/INFO]: Kelp Growth Modifier: 100%
[15:47:47] [Server thread/INFO]: TwistingVines Growth Modifier: 100%
[15:47:47] [Server thread/INFO]: WeepingVines Growth Modifier: 100%
[15:47:47] [Server thread/INFO]: CaveVines Growth Modifier: 100%
[15:47:47] [Server thread/INFO]: GlowBerry Growth Modifier: 100%
[15:47:47] [Server thread/INFO]: Hopper Transfer: 8 Hopper Check: 1 Hopper Amount: 1 Hopper Can Load Chunks: false
[15:47:47] [Server thread/INFO]: Entity Activation Range: An 32 / Mo 32 / Ra 48 / Mi 16 / Tiv true / Isa false
[15:47:47] [Server thread/INFO]: Entity Tracking Range: Pl 48 / An 48 / Mo 48 / Mi 32 / Other 64
[15:47:47] [Server thread/INFO]: Custom Map Seeds:  Village: 10387312 Desert: 14357617 Igloo: 14357618 Jungle: 14357619 Swamp: 14357620 Monument: 10387313 Ocean: 14357621 Shipwreck: 165745295 End City: 10387313 Slime: 987234911 Nether: 30084232 Mansion: 10387319 Fossil: 14357921 Portal: 34222645
[15:47:47] [Server thread/INFO]: Max TNT Explosions: 100
[15:47:47] [Server thread/INFO]: Tile Max Tick Time: 50ms Entity max Tick Time: 50ms
[15:47:49] [Server thread/INFO]: -------- World Settings For [world_the_end] --------
[15:47:49] [Server thread/INFO]: Item Despawn Rate: 6000
[15:47:49] [Server thread/INFO]: View Distance: 10
[15:47:49] [Server thread/INFO]: Simulation Distance: 10
[15:47:49] [Server thread/INFO]: Item Merge Radius: 2.5
[15:47:49] [Server thread/INFO]: Allow Zombie Pigmen to spawn from portal blocks: true
[15:47:49] [Server thread/INFO]: Mob Spawn Range: 4
[15:47:49] [Server thread/INFO]: Nerfing mobs spawned from spawners: false
[15:47:49] [Server thread/INFO]: Zombie Aggressive Towards Villager: true
[15:47:49] [Server thread/INFO]: Arrow Despawn Rate: 1200 Trident Respawn Rate:1200
[15:47:49] [Server thread/INFO]: Experience Merge Radius: 3.0
[15:47:49] [Server thread/INFO]: Cactus Growth Modifier: 100%
[15:47:49] [Server thread/INFO]: Cane Growth Modifier: 100%
[15:47:49] [Server thread/INFO]: Melon Growth Modifier: 100%
[15:47:49] [Server thread/INFO]: Mushroom Growth Modifier: 100%
[15:47:49] [Server thread/INFO]: Pumpkin Growth Modifier: 100%
[15:47:49] [Server thread/INFO]: Sapling Growth Modifier: 100%
[15:47:49] [Server thread/INFO]: Beetroot Growth Modifier: 100%
[15:47:49] [Server thread/INFO]: Carrot Growth Modifier: 100%
[15:47:49] [Server thread/INFO]: Potato Growth Modifier: 100%
[15:47:49] [Server thread/INFO]: Wheat Growth Modifier: 100%
[15:47:49] [Server thread/INFO]: NetherWart Growth Modifier: 100%
[15:47:49] [Server thread/INFO]: Vine Growth Modifier: 100%
[15:47:49] [Server thread/INFO]: Cocoa Growth Modifier: 100%
[15:47:49] [Server thread/INFO]: Bamboo Growth Modifier: 100%
[15:47:49] [Server thread/INFO]: SweetBerry Growth Modifier: 100%
[15:47:49] [Server thread/INFO]: Kelp Growth Modifier: 100%
[15:47:49] [Server thread/INFO]: TwistingVines Growth Modifier: 100%
[15:47:49] [Server thread/INFO]: WeepingVines Growth Modifier: 100%
[15:47:49] [Server thread/INFO]: CaveVines Growth Modifier: 100%
[15:47:49] [Server thread/INFO]: GlowBerry Growth Modifier: 100%
[15:47:49] [Server thread/INFO]: Hopper Transfer: 8 Hopper Check: 1 Hopper Amount: 1 Hopper Can Load Chunks: false
[15:47:49] [Server thread/INFO]: Entity Activation Range: An 32 / Mo 32 / Ra 48 / Mi 16 / Tiv true / Isa false
[15:47:49] [Server thread/INFO]: Entity Tracking Range: Pl 48 / An 48 / Mo 48 / Mi 32 / Other 64
[15:47:49] [Server thread/INFO]: Custom Map Seeds:  Village: 10387312 Desert: 14357617 Igloo: 14357618 Jungle: 14357619 Swamp: 14357620 Monument: 10387313 Ocean: 14357621 Shipwreck: 165745295 End City: 10387313 Slime: 987234911 Nether: 30084232 Mansion: 10387319 Fossil: 14357921 Portal: 34222645
[15:47:49] [Server thread/INFO]: Max TNT Explosions: 100
[15:47:49] [Server thread/INFO]: Tile Max Tick Time: 50ms Entity max Tick Time: 50ms
[15:47:50] [Server thread/INFO]: Preparing start region for dimension minecraft:overworld
[15:47:50] [Server thread/INFO]: Time elapsed: 521 ms
[15:47:50] [Server thread/INFO]: Preparing start region for dimension minecraft:the_nether
[15:47:50] [Worker-Main-1/INFO]: Preparing spawn area: 0%
[15:47:51] [Server thread/INFO]: Time elapsed: 873 ms
[15:47:51] [Server thread/INFO]: Preparing start region for dimension minecraft:the_end
[15:47:52] [Server thread/INFO]: Time elapsed: 488 ms
[15:47:52] [Server thread/INFO]: [ViaVersion] Enabling ViaVersion v4.9.3
[15:47:52] [Server thread/INFO]: [ViaVersion] ViaVersion detected server version: 1.19 (759)
[15:47:52] [Server thread/INFO]: [ViaBackwards] Enabling ViaBackwards v4.9.2
[15:47:52] [Server thread/INFO]: Running delayed init tasks
[15:47:52] [Server thread/INFO]: Done (33.824s)! For help, type "help"
[15:47:52] [Craft Scheduler Thread - 5 - ViaVersion/INFO]: [ViaVersion] Finished mapping loading, shutting down loader executor!
[15:47:52] [Server thread/INFO]: Timings Reset
[15:47:54] [Server thread/INFO]: [ProtocolLib] The updater found an update: 5.3.0 (Running 5.1.0). Download at https://www.spigotmc.org/resources/protocollib.1997/
[15:47:54] [Server thread/WARN]: [ViaVersion] There is a newer plugin version available: 5.2.1, you're on: 4.9.3
[15:49:00] [Server thread/INFO]: com.mojang.authlib.GameProfile@234ed6a9[id=<null>,name=YeegYee110,properties={},legacy=false] (/[0:0:0:0:0:0:0:1]:52710) lost connection: Disconnected
[15:49:23] [Server thread/INFO]: com.mojang.authlib.GameProfile@35d2c6e4[id=<null>,name=YeegYee110,properties={},legacy=false] (/[0:0:0:0:0:0:0:1]:47970) lost connection: Disconnected
